<?xml version="1.0" encoding="UTF-8"?>
<testsuite xmlns:xsi="http://www.w3.org/2001/XMLSchema-instance" xsi:noNamespaceSchemaLocation="https://maven.apache.org/surefire/maven-surefire-plugin/xsd/surefire-test-report.xsd" version="3.0.2" name="Test.TestRunner" time="14.903" tests="11" errors="0" skipped="0" failures="0">
  <properties>
    <property name="java.specification.version" value="22"/>
    <property name="sun.cpu.isalist" value="amd64"/>
    <property name="sun.jnu.encoding" value="Cp1252"/>
    <property name="java.class.path" value="C:\Users\Administrator\eclipse-workspace\KaliFood\target\test-classes;C:\Users\Administrator\eclipse-workspace\KaliFood\target\classes;C:\Users\Administrator\.m2\repository\io\cucumber\cucumber-java\7.18.1\cucumber-java-7.18.1.jar;C:\Users\Administrator\.m2\repository\io\cucumber\cucumber-core\7.18.1\cucumber-core-7.18.1.jar;C:\Users\Administrator\.m2\repository\io\cucumber\cucumber-gherkin\7.18.1\cucumber-gherkin-7.18.1.jar;C:\Users\Administrator\.m2\repository\io\cucumber\cucumber-gherkin-messages\7.18.1\cucumber-gherkin-messages-7.18.1.jar;C:\Users\Administrator\.m2\repository\io\cucumber\gherkin\28.0.0\gherkin-28.0.0.jar;C:\Users\Administrator\.m2\repository\io\cucumber\messages\24.1.0\messages-24.1.0.jar;C:\Users\Administrator\.m2\repository\io\cucumber\testng-xml-formatter\0.2.0\testng-xml-formatter-0.2.0.jar;C:\Users\Administrator\.m2\repository\io\cucumber\query\12.2.0\query-12.2.0.jar;C:\Users\Administrator\.m2\repository\io\cucumber\tag-expressions\6.1.0\tag-expressions-6.1.0.jar;C:\Users\Administrator\.m2\repository\io\cucumber\cucumber-expressions\17.1.0\cucumber-expressions-17.1.0.jar;C:\Users\Administrator\.m2\repository\io\cucumber\datatable\7.18.1\datatable-7.18.1.jar;C:\Users\Administrator\.m2\repository\io\cucumber\cucumber-plugin\7.18.1\cucumber-plugin-7.18.1.jar;C:\Users\Administrator\.m2\repository\io\cucumber\docstring\7.18.1\docstring-7.18.1.jar;C:\Users\Administrator\.m2\repository\io\cucumber\html-formatter\21.4.1\html-formatter-21.4.1.jar;C:\Users\Administrator\.m2\repository\io\cucumber\junit-xml-formatter\0.5.0\junit-xml-formatter-0.5.0.jar;C:\Users\Administrator\.m2\repository\io\cucumber\ci-environment\10.0.1\ci-environment-10.0.1.jar;C:\Users\Administrator\.m2\repository\org\apiguardian\apiguardian-api\1.1.2\apiguardian-api-1.1.2.jar;C:\Users\Administrator\.m2\repository\io\cucumber\cucumber-junit\7.18.1\cucumber-junit-7.18.1.jar;C:\Users\Administrator\.m2\repository\io\rest-assured\rest-assured\5.5.0\rest-assured-5.5.0.jar;C:\Users\Administrator\.m2\repository\org\apache\groovy\groovy\4.0.22\groovy-4.0.22.jar;C:\Users\Administrator\.m2\repository\org\apache\groovy\groovy-xml\4.0.22\groovy-xml-4.0.22.jar;C:\Users\Administrator\.m2\repository\org\apache\httpcomponents\httpclient\4.5.13\httpclient-4.5.13.jar;C:\Users\Administrator\.m2\repository\org\apache\httpcomponents\httpcore\4.4.13\httpcore-4.4.13.jar;C:\Users\Administrator\.m2\repository\commons-logging\commons-logging\1.2\commons-logging-1.2.jar;C:\Users\Administrator\.m2\repository\commons-codec\commons-codec\1.11\commons-codec-1.11.jar;C:\Users\Administrator\.m2\repository\org\apache\httpcomponents\httpmime\4.5.13\httpmime-4.5.13.jar;C:\Users\Administrator\.m2\repository\org\hamcrest\hamcrest\2.2\hamcrest-2.2.jar;C:\Users\Administrator\.m2\repository\org\ccil\cowan\tagsoup\tagsoup\1.2.1\tagsoup-1.2.1.jar;C:\Users\Administrator\.m2\repository\io\rest-assured\json-path\5.5.0\json-path-5.5.0.jar;C:\Users\Administrator\.m2\repository\org\apache\groovy\groovy-json\4.0.22\groovy-json-4.0.22.jar;C:\Users\Administrator\.m2\repository\io\rest-assured\rest-assured-common\5.5.0\rest-assured-common-5.5.0.jar;C:\Users\Administrator\.m2\repository\io\rest-assured\xml-path\5.5.0\xml-path-5.5.0.jar;C:\Users\Administrator\.m2\repository\org\apache\commons\commons-lang3\3.11\commons-lang3-3.11.jar;C:\Users\Administrator\.m2\repository\com\fasterxml\jackson\core\jackson-databind\2.13.3\jackson-databind-2.13.3.jar;C:\Users\Administrator\.m2\repository\com\fasterxml\jackson\core\jackson-annotations\2.13.3\jackson-annotations-2.13.3.jar;C:\Users\Administrator\.m2\repository\com\fasterxml\jackson\core\jackson-core\2.13.3\jackson-core-2.13.3.jar;C:\Users\Administrator\.m2\repository\junit\junit\4.13.2\junit-4.13.2.jar;C:\Users\Administrator\.m2\repository\org\hamcrest\hamcrest-core\1.3\hamcrest-core-1.3.jar;"/>
    <property name="java.vm.vendor" value="Oracle Corporation"/>
    <property name="sun.arch.data.model" value="64"/>
    <property name="user.variant" value=""/>
    <property name="java.vendor.url" value="https://java.oracle.com/"/>
    <property name="user.timezone" value="Asia/Calcutta"/>
    <property name="os.name" value="Windows 10"/>
    <property name="java.vm.specification.version" value="22"/>
    <property name="sun.java.launcher" value="SUN_STANDARD"/>
    <property name="user.country" value="IN"/>
    <property name="sun.boot.library.path" value="C:\Program Files\Java\jdk-22\bin"/>
    <property name="sun.java.command" value="C:\Users\Administrator\AppData\Local\Temp\surefire14618701186300442863\surefirebooter-20240906174529516_3.jar C:\Users\Administrator\AppData\Local\Temp\surefire14618701186300442863 2024-09-06T17-45-29_133-jvmRun1 surefire-20240906174529516_1tmp surefire_0-20240906174529516_2tmp"/>
    <property name="jdk.debug" value="release"/>
    <property name="surefire.test.class.path" value="C:\Users\Administrator\eclipse-workspace\KaliFood\target\test-classes;C:\Users\Administrator\eclipse-workspace\KaliFood\target\classes;C:\Users\Administrator\.m2\repository\io\cucumber\cucumber-java\7.18.1\cucumber-java-7.18.1.jar;C:\Users\Administrator\.m2\repository\io\cucumber\cucumber-core\7.18.1\cucumber-core-7.18.1.jar;C:\Users\Administrator\.m2\repository\io\cucumber\cucumber-gherkin\7.18.1\cucumber-gherkin-7.18.1.jar;C:\Users\Administrator\.m2\repository\io\cucumber\cucumber-gherkin-messages\7.18.1\cucumber-gherkin-messages-7.18.1.jar;C:\Users\Administrator\.m2\repository\io\cucumber\gherkin\28.0.0\gherkin-28.0.0.jar;C:\Users\Administrator\.m2\repository\io\cucumber\messages\24.1.0\messages-24.1.0.jar;C:\Users\Administrator\.m2\repository\io\cucumber\testng-xml-formatter\0.2.0\testng-xml-formatter-0.2.0.jar;C:\Users\Administrator\.m2\repository\io\cucumber\query\12.2.0\query-12.2.0.jar;C:\Users\Administrator\.m2\repository\io\cucumber\tag-expressions\6.1.0\tag-expressions-6.1.0.jar;C:\Users\Administrator\.m2\repository\io\cucumber\cucumber-expressions\17.1.0\cucumber-expressions-17.1.0.jar;C:\Users\Administrator\.m2\repository\io\cucumber\datatable\7.18.1\datatable-7.18.1.jar;C:\Users\Administrator\.m2\repository\io\cucumber\cucumber-plugin\7.18.1\cucumber-plugin-7.18.1.jar;C:\Users\Administrator\.m2\repository\io\cucumber\docstring\7.18.1\docstring-7.18.1.jar;C:\Users\Administrator\.m2\repository\io\cucumber\html-formatter\21.4.1\html-formatter-21.4.1.jar;C:\Users\Administrator\.m2\repository\io\cucumber\junit-xml-formatter\0.5.0\junit-xml-formatter-0.5.0.jar;C:\Users\Administrator\.m2\repository\io\cucumber\ci-environment\10.0.1\ci-environment-10.0.1.jar;C:\Users\Administrator\.m2\repository\org\apiguardian\apiguardian-api\1.1.2\apiguardian-api-1.1.2.jar;C:\Users\Administrator\.m2\repository\io\cucumber\cucumber-junit\7.18.1\cucumber-junit-7.18.1.jar;C:\Users\Administrator\.m2\repository\io\rest-assured\rest-assured\5.5.0\rest-assured-5.5.0.jar;C:\Users\Administrator\.m2\repository\org\apache\groovy\groovy\4.0.22\groovy-4.0.22.jar;C:\Users\Administrator\.m2\repository\org\apache\groovy\groovy-xml\4.0.22\groovy-xml-4.0.22.jar;C:\Users\Administrator\.m2\repository\org\apache\httpcomponents\httpclient\4.5.13\httpclient-4.5.13.jar;C:\Users\Administrator\.m2\repository\org\apache\httpcomponents\httpcore\4.4.13\httpcore-4.4.13.jar;C:\Users\Administrator\.m2\repository\commons-logging\commons-logging\1.2\commons-logging-1.2.jar;C:\Users\Administrator\.m2\repository\commons-codec\commons-codec\1.11\commons-codec-1.11.jar;C:\Users\Administrator\.m2\repository\org\apache\httpcomponents\httpmime\4.5.13\httpmime-4.5.13.jar;C:\Users\Administrator\.m2\repository\org\hamcrest\hamcrest\2.2\hamcrest-2.2.jar;C:\Users\Administrator\.m2\repository\org\ccil\cowan\tagsoup\tagsoup\1.2.1\tagsoup-1.2.1.jar;C:\Users\Administrator\.m2\repository\io\rest-assured\json-path\5.5.0\json-path-5.5.0.jar;C:\Users\Administrator\.m2\repository\org\apache\groovy\groovy-json\4.0.22\groovy-json-4.0.22.jar;C:\Users\Administrator\.m2\repository\io\rest-assured\rest-assured-common\5.5.0\rest-assured-common-5.5.0.jar;C:\Users\Administrator\.m2\repository\io\rest-assured\xml-path\5.5.0\xml-path-5.5.0.jar;C:\Users\Administrator\.m2\repository\org\apache\commons\commons-lang3\3.11\commons-lang3-3.11.jar;C:\Users\Administrator\.m2\repository\com\fasterxml\jackson\core\jackson-databind\2.13.3\jackson-databind-2.13.3.jar;C:\Users\Administrator\.m2\repository\com\fasterxml\jackson\core\jackson-annotations\2.13.3\jackson-annotations-2.13.3.jar;C:\Users\Administrator\.m2\repository\com\fasterxml\jackson\core\jackson-core\2.13.3\jackson-core-2.13.3.jar;C:\Users\Administrator\.m2\repository\junit\junit\4.13.2\junit-4.13.2.jar;C:\Users\Administrator\.m2\repository\org\hamcrest\hamcrest-core\1.3\hamcrest-core-1.3.jar;"/>
    <property name="sun.cpu.endian" value="little"/>
    <property name="user.home" value="C:\Users\Administrator"/>
    <property name="user.language" value="en"/>
    <property name="java.specification.vendor" value="Oracle Corporation"/>
    <property name="java.version.date" value="2024-07-16"/>
    <property name="java.home" value="C:\Program Files\Java\jdk-22"/>
    <property name="file.separator" value="\"/>
    <property name="basedir" value="C:\Users\Administrator\eclipse-workspace\KaliFood"/>
    <property name="java.vm.compressedOopsMode" value="32-bit"/>
    <property name="line.separator" value="&#10;"/>
    <property name="java.vm.specification.vendor" value="Oracle Corporation"/>
    <property name="java.specification.name" value="Java Platform API Specification"/>
    <property name="surefire.real.class.path" value="C:\Users\Administrator\AppData\Local\Temp\surefire14618701186300442863\surefirebooter-20240906174529516_3.jar"/>
    <property name="user.script" value=""/>
    <property name="sun.management.compiler" value="HotSpot 64-Bit Tiered Compilers"/>
    <property name="java.runtime.version" value="22.0.2+9-70"/>
    <property name="user.name" value="Administrator"/>
    <property name="stdout.encoding" value="Cp1252"/>
    <property name="path.separator" value=";"/>
    <property name="os.version" value="10.0"/>
    <property name="java.runtime.name" value="Java(TM) SE Runtime Environment"/>
    <property name="file.encoding" value="UTF-8"/>
    <property name="java.vm.name" value="Java HotSpot(TM) 64-Bit Server VM"/>
    <property name="localRepository" value="C:\Users\Administrator\.m2\repository"/>
    <property name="java.vendor.url.bug" value="https://bugreport.java.com/bugreport/"/>
    <property name="java.io.tmpdir" value="C:\Users\ADMINI~1\AppData\Local\Temp\"/>
    <property name="java.version" value="22.0.2"/>
    <property name="user.dir" value="C:\Users\Administrator\eclipse-workspace\KaliFood"/>
    <property name="os.arch" value="amd64"/>
    <property name="java.vm.specification.name" value="Java Virtual Machine Specification"/>
    <property name="sun.os.patch.level" value=""/>
    <property name="native.encoding" value="Cp1252"/>
    <property name="java.library.path" value="C:\Program Files\Java\jdk-22\bin;C:\Windows\Sun\Java\bin;C:\Windows\system32;C:\Windows;C:\Program Files\Common Files\Oracle\Java\javapath;C:\Python312\Scripts\;C:\Python312\;C:\Program Files (x86)\Common Files\Oracle\Java\java8path;C:\Program Files (x86)\Common Files\Oracle\Java\javapath;C:\Windows\system32;C:\Windows;C:\Windows\System32\Wbem;C:\Windows\System32\WindowsPowerShell\v1.0\;C:\Windows\System32\OpenSSH\;C:\Program Files\PuTTY\;C:\Program Files (x86)\Java\jre-1.8\bin;C:\Program Files\Git\cmd;C:\Program Files\nodejs\;C:\ProgramData\chocolatey\bin;C:\Program Files\Apache\Maven\apache-maven-3.9.9-bin\apache-maven-3.9.9\bin;C:\Program Files\Java\jdk-22\bin;C:\Program Files\MySQL\MySQL Shell 8.0\bin\;C:\Users\Administrator\AppData\Local\Microsoft\WindowsApps;C:\Users\Administrator\AppData\Roaming\npm;C:\Program Files\Apache\Maven\apache-maven-3.9.9-bin\apache-maven-3.9.9\bin;C:\Program Files\Java\jdk-22\bin;;."/>
    <property name="java.vm.info" value="mixed mode, sharing"/>
    <property name="stderr.encoding" value="Cp1252"/>
    <property name="java.vendor" value="Oracle Corporation"/>
    <property name="java.vm.version" value="22.0.2+9-70"/>
    <property name="sun.io.unicode.encoding" value="UnicodeLittle"/>
    <property name="java.class.version" value="66.0"/>
  </properties>
  <testcase name="User Registration" classname="Online Food Delivery Management System API Testing" time="11.263">
    <system-out><![CDATA[
Scenario: User Registration                                                # src/test/resources/Feature/Food.feature:9
  Given the server is running                                              # Steps.OnlineFood.the_server_i_running()
  When I send a POST request to "/users/register" with the following body: # Steps.OnlineFood.i_send_a_post_request_to_with_the_following_body(java.lang.String,io.cucumber.datatable.DataTable)
    | username | password | email             |
    | user6    | pass6    | user6@example.com |
  Then the response status should be 201                                   # Steps.OnlineFood.the_response_status_should_be(int)
  And the response should contain the user's details                       # Steps.OnlineFood.the_response_should_contain_the_user_s_details()
]]></system-out>
  </testcase>
  <testcase name="User Login" classname="Online Food Delivery Management System API Testing" time="0.264">
    <system-out><![CDATA[
Scenario: User Login                                                    # src/test/resources/Feature/Food.feature:16
  Given the server is running                                           # Steps.OnlineFood.the_server_i_running()
  When I send a POST request to "/users/login" with the following body: # Steps.OnlineFood.i_send_a_post_request_to_with_the_following_body(java.lang.String,io.cucumber.datatable.DataTable)
    | username | password |
    | user5    | pass5    |
  Then the response status should be 200                                # Steps.OnlineFood.the_response_status_should_be(int)
  And the response should contain the message "Login successful"        # Steps.OnlineFood.the_response_should_contain_the_message(java.lang.String)
]]></system-out>
  </testcase>
  <testcase name="Get All Users" classname="Online Food Delivery Management System API Testing" time="0.124">
    <system-out><![CDATA[
Scenario: Get All Users                           # src/test/resources/Feature/Food.feature:23
  Given the server is running                     # Steps.OnlineFood.the_server_i_running()
  When I send a GET request to "/users"           # Steps.OnlineFood.i_send_a_get_request_to(java.lang.String)
  Then the response status should be 200          # Steps.OnlineFood.the_response_status_should_be(int)
  And the response should contain a list of users # Steps.OnlineFood.the_response_should_contain_a_list_of_users()
]]></system-out>
  </testcase>
  <testcase name="Create a Restaurant" classname="Online Food Delivery Management System API Testing" time="0.176">
    <system-out><![CDATA[
Scenario: Create a Restaurant                                           # src/test/resources/Feature/Food.feature:28
  Given the server is running                                           # Steps.OnlineFood.the_server_i_running()
  When I send a POST request to "/restaurants" with the following body: # Steps.OnlineFood.i_send_a_post_request_to_with_the_following_body(java.lang.String,io.cucumber.datatable.DataTable)
    | name        | address  | cuisineType | contactInfo |
    | Restaurant6 | Address6 | Cuisine6    | Contact6    |
  Then the response status should be 201                                # Steps.OnlineFood.the_response_status_should_be(int)
  And the response should contain the restaurant details                # Steps.OnlineFood.the_response_should_contain_the_restaurant_details()
]]></system-out>
  </testcase>
  <testcase name="Search Food by Name" classname="Online Food Delivery Management System API Testing" time="0.158">
    <system-out><![CDATA[
Scenario: Search Food by Name                                    # src/test/resources/Feature/Food.feature:35
  Given the server is running                                    # Steps.OnlineFood.the_server_i_running()
  When I send a GET request to "/foods/search?name=Food1"        # Steps.OnlineFood.i_send_a_get_request_to(java.lang.String)
  Then the response status should be 200                         # Steps.OnlineFood.the_response_status_should_be(int)
  And the response should contain food details with name "Food1" # Steps.OnlineFood.the_response_should_contain_food_details_with_name(java.lang.String)
]]></system-out>
  </testcase>
  <testcase name="Filter Food by Cuisine" classname="Online Food Delivery Management System API Testing" time="0.082">
    <system-out><![CDATA[
Scenario: Filter Food by Cuisine                                           # src/test/resources/Feature/Food.feature:40
  Given the server is running                                              # Steps.OnlineFood.the_server_i_running()
  When I send a GET request to "/foods/filter?cuisine=Cuisine2"            # Steps.OnlineFood.i_send_a_get_request_to(java.lang.String)
  Then the response status should be 200                                   # Steps.OnlineFood.the_response_status_should_be(int)
  And the response should contain food details with cuisineType "Cuisine2" # Steps.OnlineFood.the_response_should_contain_food_details_with_cuisine_type(java.lang.String)
]]></system-out>
  </testcase>
  <testcase name="Place a new order" classname="Online Food Delivery Management System API Testing" time="0.222">
    <system-out><![CDATA[
Scenario: Place a new order                                        # src/test/resources/Feature/Food.feature:46
  Given the server is running                                      # Steps.OnlineFood.the_server_i_running()
{"userId":20,"restaurantId":11,"foodItems":["Dosa", "Idly"],"totalPrice":90.0}
  Given I send a POST request to "/orders" with the order details  # Steps.OnlineFood.i_send_a_post_request_to_with_the_order_details(java.lang.String,io.cucumber.datatable.DataTable)
    | userId | restaurantId | foodItems  | totalPrice |
    | 20     | 11           | Dosa, Idly | 90.0       |
  Then the response status should be 201                           # Steps.OnlineFood.the_response_status_should_be(int)
{
    "id": 9
}
{
    "id": 9
}
  Then I should receive a JSON response with the new order details # Steps.OnlineFood.i_should_receive_a_json_response_with_the_new_order_details()
]]></system-out>
  </testcase>
  <testcase name="Get an order by ID" classname="Online Food Delivery Management System API Testing" time="0.364">
    <system-out><![CDATA[
Scenario: Get an order by ID                                                             # src/test/resources/Feature/Food.feature:54
  Given the server is running                                                            # Steps.OnlineFood.the_server_i_running()
  Given the server is running                                                            # Steps.OnlineFood.the_server_i_running()
  When I send a GET request to "/orders" with order ID 5                                 # Steps.OnlineFood.i_send_a_get_request_to_with_order_id(java.lang.String,int)
  Then the response status should be 200                                                 # Steps.OnlineFood.the_response_status_should_be(int)
  And the response should contain the order with userId 5, restaurantId 5, totalPrice 60 # Steps.OnlineFood.the_response_should_contain_the_order(int,int,double)
  And the response should include the food items                                         # Steps.OnlineFood.the_response_should_include_the_food_items(io.cucumber.datatable.DataTable)
    | Food9  |
    | Food10 |
]]></system-out>
  </testcase>
  <testcase name="Get restaurant details by ID" classname="Online Food Delivery Management System API Testing" time="0.05">
    <system-out><![CDATA[
Scenario: Get restaurant details by ID                             # src/test/resources/Feature/Food.feature:64
  Given the server is running                                      # Steps.OnlineFood.the_server_i_running()
  When I send a GET request to "/restaurants/5"                    # Steps.OnlineFood.i_send_a_get_request_to(java.lang.String)
  Then the response status should be 200                           # Steps.OnlineFood.the_response_status_should_be(int)
  And the response should contain the restaurant details with ID 5 # Steps.OnlineFood.the_response_should_contain_the_restaurant_details_with_id(int)
]]></system-out>
  </testcase>
  <testcase name="Successfully update user profile" classname="Online Food Delivery Management System API Testing" time="0.239">
    <system-out><![CDATA[
Scenario: Successfully update user profile                                                                 # src/test/resources/Feature/Food.feature:70
  Given the server is running                                                                              # Steps.OnlineFood.the_server_i_running()
  When I send a PUT request to "/users/4" with the username "newUsername" and email "newEmail@example.com" # Steps.OnlineFood.i_send_a_put_request_to_with_the_username_and_email(java.lang.String,java.lang.String,java.lang.String)
  Then the response status should be 200                                                                   # Steps.OnlineFood.the_response_status_should_be(int)
  And the response should contain updated username "newUsername" and email "newEmail@example.com"          # Steps.OnlineFood.the_response_should_contain_updated_username_and_email(java.lang.String,java.lang.String)
]]></system-out>
  </testcase>
  <testcase name="Delete user account" classname="Online Food Delivery Management System API Testing" time="0.069">
    <system-out><![CDATA[
Scenario: Delete user account                 # src/test/resources/Feature/Food.feature:75
  Given the server is running                 # Steps.OnlineFood.the_server_i_running()
  When I send a DELETE request to "/users/6"  # Steps.OnlineFood.i_send_a_delete_request_to(java.lang.String)
  Then the response status should be 204      # Steps.OnlineFood.the_response_status_should_be(int)
  And the user account should no longer exist # Steps.OnlineFood.the_user_account_should_no_longer_exist()
]]></system-out>
  </testcase>
</testsuite>